<?xml version="1.0" encoding="UTF-8"?>
<!-- Generated by org.testng.reporters.JUnitXMLReporter -->
<testsuite ignored="0" hostname="sarayu" failures="0" tests="2" name="Error Validation Test" time="0.09" errors="0" timestamp="2024-12-08T16:08:36 IST">
  <testcase classname="SeleniumFrameworks.TestComponents.BaseTest" name="@BeforeClass launchApplication" time="0.01">
    <failure type="java.lang.NullPointerException" message="Cannot invoke &amp;quot;String.equalsIgnoreCase(String)&amp;quot; because &amp;quot;browserName&amp;quot; is null">
      <![CDATA[java.lang.NullPointerException: Cannot invoke "String.equalsIgnoreCase(String)" because "browserName" is null
at SeleniumFrameworks.TestComponents.BaseTest.initializeDriver(BaseTest.java:44)
at SeleniumFrameworks.TestComponents.BaseTest.launchApplication(BaseTest.java:62)
at java.base/java.util.ArrayList.forEach(ArrayList.java:1511)
at java.base/java.util.concurrent.FutureTask.run(FutureTask.java:317)
at java.base/java.util.concurrent.ThreadPoolExecutor.runWorker(ThreadPoolExecutor.java:1144)
at java.base/java.util.concurrent.ThreadPoolExecutor$Worker.run(ThreadPoolExecutor.java:642)
at java.base/java.lang.Thread.run(Thread.java:1623)
... Removed 14 stack frames]]>
    </failure>
  </testcase> <!-- @BeforeClass launchApplication -->
  <testcase classname="SeleniumFrameworks.TestComponents.BaseTest" name="@AfterClass close" time="0.001">
    <failure type="java.lang.NullPointerException" message="Cannot invoke &amp;quot;org.openqa.selenium.WebDriver.close()&amp;quot; because &amp;quot;this.driver&amp;quot; is null">
      <![CDATA[java.lang.NullPointerException: Cannot invoke "org.openqa.selenium.WebDriver.close()" because "this.driver" is null
at SeleniumFrameworks.TestComponents.BaseTest.close(BaseTest.java:82)
at java.base/java.util.ArrayList.forEach(ArrayList.java:1511)
at java.base/java.util.concurrent.FutureTask.run(FutureTask.java:317)
at java.base/java.util.concurrent.ThreadPoolExecutor.runWorker(ThreadPoolExecutor.java:1144)
at java.base/java.util.concurrent.ThreadPoolExecutor$Worker.run(ThreadPoolExecutor.java:642)
at java.base/java.lang.Thread.run(Thread.java:1623)
... Removed 14 stack frames]]>
    </failure>
  </testcase> <!-- @AfterClass close -->
  <testcase classname="SeleniumFrameworks.Tests.ErrorValidations" name="loginErrorValidations" time="0.0">
    <skipped/>
  </testcase> <!-- loginErrorValidations -->
  <testcase classname="SeleniumFrameworks.Tests.ErrorValidations" name="productErrorValidations" time="0.0">
    <skipped/>
  </testcase> <!-- productErrorValidations -->
</testsuite> <!-- Error Validation Test -->
